Flow report for MNOC_3rd
Mon Apr 16 02:20:13 2018
Quartus Prime Version 17.1.0 Build 590 10/25/2017 SJ Lite Edition


---------------------
; Table of Contents ;
---------------------
  1. Legal Notice
  2. Flow Summary
  3. Flow Settings
  4. Flow Non-Default Global Settings
  5. Flow Elapsed Time
  6. Flow OS Summary
  7. Flow Log
  8. Flow Messages
  9. Flow Suppressed Messages



----------------
; Legal Notice ;
----------------
Copyright (C) 2017  Intel Corporation. All rights reserved.
Your use of Intel Corporation's design tools, logic functions 
and other software and tools, and its AMPP partner logic 
functions, and any output files from any of the foregoing 
(including device programming or simulation files), and any 
associated documentation or information are expressly subject 
to the terms and conditions of the Intel Program License 
Subscription Agreement, the Intel Quartus Prime License Agreement,
the Intel FPGA IP License Agreement, or other applicable license
agreement, including, without limitation, that your use is for
the sole purpose of programming logic devices manufactured by
Intel and sold by Intel or its authorized distributors.  Please
refer to the applicable agreement for further details.



+-------------------------------------------------------------------------------+
; Flow Summary                                                                  ;
+---------------------------------+---------------------------------------------+
; Flow Status                     ; Successful - Mon Apr 16 02:20:13 2018       ;
; Quartus Prime Version           ; 17.1.0 Build 590 10/25/2017 SJ Lite Edition ;
; Revision Name                   ; MNOC_3rd                                    ;
; Top-level Entity Name           ; MNOC_3rd                                    ;
; Family                          ; Cyclone V                                   ;
; Device                          ; 5CGXFC5C6F27C7                              ;
; Timing Models                   ; Final                                       ;
; Logic utilization (in ALMs)     ; 4,365 / 29,080 ( 15 % )                     ;
; Total registers                 ; 4052                                        ;
; Total pins                      ; 3 / 364 ( < 1 % )                           ;
; Total virtual pins              ; 0                                           ;
; Total block memory bits         ; 19,232 / 4,567,040 ( < 1 % )                ;
; Total DSP Blocks                ; 0 / 150 ( 0 % )                             ;
; Total HSSI RX PCSs              ; 0 / 6 ( 0 % )                               ;
; Total HSSI PMA RX Deserializers ; 0 / 6 ( 0 % )                               ;
; Total HSSI TX PCSs              ; 0 / 6 ( 0 % )                               ;
; Total HSSI PMA TX Serializers   ; 0 / 6 ( 0 % )                               ;
; Total PLLs                      ; 1 / 12 ( 8 % )                              ;
; Total DLLs                      ; 0 / 4 ( 0 % )                               ;
+---------------------------------+---------------------------------------------+


+-----------------------------------------+
; Flow Settings                           ;
+-------------------+---------------------+
; Option            ; Setting             ;
+-------------------+---------------------+
; Start date & time ; 04/16/2018 01:45:02 ;
; Main task         ; Compilation         ;
; Revision Name     ; MNOC_3rd            ;
+-------------------+---------------------+


+-------------------------------------------------------------------------------------------------------------------------------------------+
; Flow Non-Default Global Settings                                                                                                          ;
+--------------------------------------+-----------------------------------------------------+---------------+-------------+----------------+
; Assignment Name                      ; Value                                               ; Default Value ; Entity Name ; Section Id     ;
+--------------------------------------+-----------------------------------------------------+---------------+-------------+----------------+
; ALLOW_REGISTER_RETIMING              ; Off                                                 ; On            ; --          ; --             ;
; COMPILER_SIGNATURE_ID                ; 44831925706192.152381430206080                      ; --            ; --          ; --             ;
; EDA_DESIGN_INSTANCE_NAME             ; NA                                                  ; --            ; --          ; --             ;
; EDA_NATIVELINK_SIMULATION_TEST_BENCH ; MNOC_3rd                                            ; --            ; --          ; eda_simulation ;
; EDA_OUTPUT_DATA_FORMAT               ; Verilog Hdl                                         ; --            ; --          ; eda_simulation ;
; EDA_SIMULATION_TOOL                  ; ModelSim-Altera (Verilog)                           ; <None>        ; --          ; --             ;
; EDA_TEST_BENCH_ENABLE_STATUS         ; TEST_BENCH_MODE                                     ; --            ; --          ; eda_simulation ;
; EDA_TEST_BENCH_FILE                  ; simulation/modelsim/MNOC_3rd.vt                     ; --            ; --          ; --             ;
; EDA_TEST_BENCH_MODULE_NAME           ; MNOC_3rd_vlg_tst                                    ; --            ; --          ; --             ;
; EDA_TEST_BENCH_NAME                  ; MNOC_3rd                                            ; --            ; --          ; eda_simulation ;
; EDA_TIME_SCALE                       ; 1 ps                                                ; --            ; --          ; eda_simulation ;
; FITTER_EFFORT                        ; Standard Fit                                        ; Auto Fit      ; --          ; --             ;
; MAX_CORE_JUNCTION_TEMP               ; 85                                                  ; --            ; --          ; --             ;
; MIN_CORE_JUNCTION_TEMP               ; 0                                                   ; --            ; --          ; --             ;
; MISC_FILE                            ; source/clock_management/super_pll.cmp               ; --            ; --          ; --             ;
; MISC_FILE                            ; source/clock_management/super_pll_sim/super_pll.vho ; --            ; --          ; --             ;
; OPTIMIZATION_MODE                    ; High Performance Effort                             ; Balanced      ; --          ; --             ;
; OUTPUT_IO_TIMING_FAR_END_VMEAS       ; Half Signal Swing                                   ; --            ; --          ; --             ;
; OUTPUT_IO_TIMING_FAR_END_VMEAS       ; Half Signal Swing                                   ; --            ; --          ; --             ;
; OUTPUT_IO_TIMING_NEAR_END_VMEAS      ; Half Vccio                                          ; --            ; --          ; --             ;
; OUTPUT_IO_TIMING_NEAR_END_VMEAS      ; Half Vccio                                          ; --            ; --          ; --             ;
; PARTITION_COLOR                      ; -- (Not supported for targeted family)              ; --            ; --          ; Top            ;
; PARTITION_FITTER_PRESERVATION_LEVEL  ; -- (Not supported for targeted family)              ; --            ; --          ; Top            ;
; PARTITION_NETLIST_TYPE               ; -- (Not supported for targeted family)              ; --            ; --          ; Top            ;
; PHYSICAL_SYNTHESIS_COMBO_LOGIC       ; On                                                  ; Off           ; --          ; --             ;
; PLACEMENT_EFFORT_MULTIPLIER          ; 4.0                                                 ; 1.0           ; --          ; --             ;
; POWER_BOARD_THERMAL_MODEL            ; None (CONSERVATIVE)                                 ; --            ; --          ; --             ;
; POWER_PRESET_COOLING_SOLUTION        ; 23 MM HEAT SINK WITH 200 LFPM AIRFLOW               ; --            ; --          ; --             ;
; PROJECT_OUTPUT_DIRECTORY             ; output_files                                        ; --            ; --          ; --             ;
; ROUTER_TIMING_OPTIMIZATION_LEVEL     ; MAXIMUM                                             ; Normal        ; --          ; --             ;
; SPD_FILE                             ; source/clock_management/super_pll.spd               ; --            ; --          ; --             ;
; SYNTHESIS_ONLY_QIP                   ; On                                                  ; --            ; --          ; --             ;
+--------------------------------------+-----------------------------------------------------+---------------+-------------+----------------+


+-------------------------------------------------------------------------------------------------------------------------------+
; Flow Elapsed Time                                                                                                             ;
+---------------------------+--------------+-------------------------+---------------------+------------------------------------+
; Module Name               ; Elapsed Time ; Average Processors Used ; Peak Virtual Memory ; Total CPU Time (on all processors) ;
+---------------------------+--------------+-------------------------+---------------------+------------------------------------+
; Analysis & Synthesis      ; 00:00:44     ; 1.6                     ; 925 MB              ; 00:01:13                           ;
; Fitter                    ; 00:33:26     ; 1.0                     ; 2696 MB             ; 00:41:15                           ;
; Assembler                 ; 00:00:16     ; 1.0                     ; 848 MB              ; 00:00:14                           ;
; TimeQuest Timing Analyzer ; 00:00:29     ; 2.6                     ; 1311 MB             ; 00:01:05                           ;
; EDA Netlist Writer        ; 00:00:05     ; 1.0                     ; 883 MB              ; 00:00:05                           ;
; Total                     ; 00:35:00     ; --                      ; --                  ; 00:43:52                           ;
+---------------------------+--------------+-------------------------+---------------------+------------------------------------+


+-----------------------------------------------------------------------------------------+
; Flow OS Summary                                                                         ;
+---------------------------+------------------+------------+------------+----------------+
; Module Name               ; Machine Hostname ; OS Name    ; OS Version ; Processor type ;
+---------------------------+------------------+------------+------------+----------------+
; Analysis & Synthesis      ; TEATION-ZHAO     ; Windows 10 ; 10.0       ; x86_64         ;
; Fitter                    ; TEATION-ZHAO     ; Windows 10 ; 10.0       ; x86_64         ;
; Assembler                 ; TEATION-ZHAO     ; Windows 10 ; 10.0       ; x86_64         ;
; TimeQuest Timing Analyzer ; TEATION-ZHAO     ; Windows 10 ; 10.0       ; x86_64         ;
; EDA Netlist Writer        ; TEATION-ZHAO     ; Windows 10 ; 10.0       ; x86_64         ;
+---------------------------+------------------+------------+------------+----------------+


------------
; Flow Log ;
------------
quartus_map --read_settings_files=on --write_settings_files=off MNOC_3rd -c MNOC_3rd
quartus_fit --read_settings_files=off --write_settings_files=off MNOC_3rd -c MNOC_3rd
quartus_asm --read_settings_files=off --write_settings_files=off MNOC_3rd -c MNOC_3rd
quartus_sta MNOC_3rd -c MNOC_3rd
quartus_eda --read_settings_files=off --write_settings_files=off MNOC_3rd -c MNOC_3rd



